<?xml version="1.0" encoding="UTF-8"?>
<testsuite xmlns:xsi="http://www.w3.org/2001/XMLSchema-instance" xsi:noNamespaceSchemaLocation="https://maven.apache.org/surefire/maven-surefire-plugin/xsd/surefire-test-report.xsd" name="TestSuite" time="8.283" tests="34" errors="0" skipped="0" failures="0">
  <properties>
    <property name="gopherProxySet" value="false"/>
    <property name="awt.toolkit" value="sun.lwawt.macosx.LWCToolkit"/>
    <property name="file.encoding.pkg" value="sun.io"/>
    <property name="java.specification.version" value="1.8"/>
    <property name="sun.cpu.isalist" value=""/>
    <property name="sun.jnu.encoding" value="UTF-8"/>
    <property name="java.class.path" value="/Users/hanglili/FullTimes/HomeTests/Bank-REST-API/target/test-classes:/Users/hanglili/FullTimes/HomeTests/Bank-REST-API/target/classes:/Users/hanglili/.m2/repository/io/dropwizard/dropwizard-core/1.2.2/dropwizard-core-1.2.2.jar:/Users/hanglili/.m2/repository/io/dropwizard/dropwizard-util/1.2.2/dropwizard-util-1.2.2.jar:/Users/hanglili/.m2/repository/com/fasterxml/jackson/core/jackson-annotations/2.9.0/jackson-annotations-2.9.0.jar:/Users/hanglili/.m2/repository/joda-time/joda-time/2.9.9/joda-time-2.9.9.jar:/Users/hanglili/.m2/repository/io/dropwizard/dropwizard-jackson/1.2.2/dropwizard-jackson-1.2.2.jar:/Users/hanglili/.m2/repository/com/fasterxml/jackson/core/jackson-core/2.9.1/jackson-core-2.9.1.jar:/Users/hanglili/.m2/repository/com/fasterxml/jackson/core/jackson-databind/2.9.1/jackson-databind-2.9.1.jar:/Users/hanglili/.m2/repository/com/fasterxml/jackson/datatype/jackson-datatype-guava/2.9.1/jackson-datatype-guava-2.9.1.jar:/Users/hanglili/.m2/repository/com/fasterxml/jackson/datatype/jackson-datatype-jsr310/2.9.1/jackson-datatype-jsr310-2.9.1.jar:/Users/hanglili/.m2/repository/com/fasterxml/jackson/datatype/jackson-datatype-jdk8/2.9.1/jackson-datatype-jdk8-2.9.1.jar:/Users/hanglili/.m2/repository/com/fasterxml/jackson/module/jackson-module-parameter-names/2.9.1/jackson-module-parameter-names-2.9.1.jar:/Users/hanglili/.m2/repository/com/fasterxml/jackson/module/jackson-module-afterburner/2.9.1/jackson-module-afterburner-2.9.1.jar:/Users/hanglili/.m2/repository/com/fasterxml/jackson/datatype/jackson-datatype-joda/2.9.1/jackson-datatype-joda-2.9.1.jar:/Users/hanglili/.m2/repository/org/slf4j/slf4j-api/1.7.25/slf4j-api-1.7.25.jar:/Users/hanglili/.m2/repository/io/dropwizard/dropwizard-validation/1.2.2/dropwizard-validation-1.2.2.jar:/Users/hanglili/.m2/repository/org/hibernate/hibernate-validator/5.4.1.Final/hibernate-validator-5.4.1.Final.jar:/Users/hanglili/.m2/repository/javax/validation/validation-api/1.1.0.Final/validation-api-1.1.0.Final.jar:/Users/hanglili/.m2/repository/org/jboss/logging/jboss-logging/3.3.0.Final/jboss-logging-3.3.0.Final.jar:/Users/hanglili/.m2/repository/com/fasterxml/classmate/1.3.4/classmate-1.3.4.jar:/Users/hanglili/.m2/repository/org/glassfish/javax.el/3.0.0/javax.el-3.0.0.jar:/Users/hanglili/.m2/repository/io/dropwizard/dropwizard-configuration/1.2.2/dropwizard-configuration-1.2.2.jar:/Users/hanglili/.m2/repository/com/fasterxml/jackson/dataformat/jackson-dataformat-yaml/2.9.1/jackson-dataformat-yaml-2.9.1.jar:/Users/hanglili/.m2/repository/org/yaml/snakeyaml/1.18/snakeyaml-1.18.jar:/Users/hanglili/.m2/repository/org/apache/commons/commons-lang3/3.6/commons-lang3-3.6.jar:/Users/hanglili/.m2/repository/io/dropwizard/dropwizard-logging/1.2.2/dropwizard-logging-1.2.2.jar:/Users/hanglili/.m2/repository/io/dropwizard/metrics/metrics-logback/3.2.5/metrics-logback-3.2.5.jar:/Users/hanglili/.m2/repository/org/slf4j/jul-to-slf4j/1.7.25/jul-to-slf4j-1.7.25.jar:/Users/hanglili/.m2/repository/ch/qos/logback/logback-core/1.2.3/logback-core-1.2.3.jar:/Users/hanglili/.m2/repository/ch/qos/logback/logback-classic/1.2.3/logback-classic-1.2.3.jar:/Users/hanglili/.m2/repository/org/slf4j/log4j-over-slf4j/1.7.25/log4j-over-slf4j-1.7.25.jar:/Users/hanglili/.m2/repository/org/slf4j/jcl-over-slf4j/1.7.25/jcl-over-slf4j-1.7.25.jar:/Users/hanglili/.m2/repository/org/eclipse/jetty/jetty-util/9.4.7.v20170914/jetty-util-9.4.7.v20170914.jar:/Users/hanglili/.m2/repository/io/dropwizard/dropwizard-metrics/1.2.2/dropwizard-metrics-1.2.2.jar:/Users/hanglili/.m2/repository/io/dropwizard/dropwizard-jersey/1.2.2/dropwizard-jersey-1.2.2.jar:/Users/hanglili/.m2/repository/org/glassfish/jersey/core/jersey-server/2.25.1/jersey-server-2.25.1.jar:/Users/hanglili/.m2/repository/org/glassfish/jersey/media/jersey-media-jaxb/2.25.1/jersey-media-jaxb-2.25.1.jar:/Users/hanglili/.m2/repository/javax/annotation/javax.annotation-api/1.2/javax.annotation-api-1.2.jar:/Users/hanglili/.m2/repository/org/glassfish/jersey/ext/jersey-metainf-services/2.25.1/jersey-metainf-services-2.25.1.jar:/Users/hanglili/.m2/repository/org/glassfish/jersey/ext/jersey-bean-validation/2.25.1/jersey-bean-validation-2.25.1.jar:/Users/hanglili/.m2/repository/io/dropwizard/metrics/metrics-jersey2/3.2.5/metrics-jersey2-3.2.5.jar:/Users/hanglili/.m2/repository/com/fasterxml/jackson/jaxrs/jackson-jaxrs-json-provider/2.9.1/jackson-jaxrs-json-provider-2.9.1.jar:/Users/hanglili/.m2/repository/com/fasterxml/jackson/jaxrs/jackson-jaxrs-base/2.9.1/jackson-jaxrs-base-2.9.1.jar:/Users/hanglili/.m2/repository/com/fasterxml/jackson/module/jackson-module-jaxb-annotations/2.9.1/jackson-module-jaxb-annotations-2.9.1.jar:/Users/hanglili/.m2/repository/org/glassfish/jersey/containers/jersey-container-servlet/2.25.1/jersey-container-servlet-2.25.1.jar:/Users/hanglili/.m2/repository/org/glassfish/jersey/containers/jersey-container-servlet-core/2.25.1/jersey-container-servlet-core-2.25.1.jar:/Users/hanglili/.m2/repository/org/eclipse/jetty/jetty-server/9.4.7.v20170914/jetty-server-9.4.7.v20170914.jar:/Users/hanglili/.m2/repository/javax/servlet/javax.servlet-api/3.1.0/javax.servlet-api-3.1.0.jar:/Users/hanglili/.m2/repository/org/eclipse/jetty/jetty-io/9.4.7.v20170914/jetty-io-9.4.7.v20170914.jar:/Users/hanglili/.m2/repository/org/eclipse/jetty/jetty-webapp/9.4.7.v20170914/jetty-webapp-9.4.7.v20170914.jar:/Users/hanglili/.m2/repository/org/eclipse/jetty/jetty-xml/9.4.7.v20170914/jetty-xml-9.4.7.v20170914.jar:/Users/hanglili/.m2/repository/org/eclipse/jetty/jetty-continuation/9.4.7.v20170914/jetty-continuation-9.4.7.v20170914.jar:/Users/hanglili/.m2/repository/io/dropwizard/dropwizard-servlets/1.2.2/dropwizard-servlets-1.2.2.jar:/Users/hanglili/.m2/repository/io/dropwizard/metrics/metrics-annotation/3.2.5/metrics-annotation-3.2.5.jar:/Users/hanglili/.m2/repository/io/dropwizard/dropwizard-jetty/1.2.2/dropwizard-jetty-1.2.2.jar:/Users/hanglili/.m2/repository/io/dropwizard/metrics/metrics-jetty9/3.2.5/metrics-jetty9-3.2.5.jar:/Users/hanglili/.m2/repository/org/eclipse/jetty/jetty-servlet/9.4.7.v20170914/jetty-servlet-9.4.7.v20170914.jar:/Users/hanglili/.m2/repository/org/eclipse/jetty/jetty-security/9.4.7.v20170914/jetty-security-9.4.7.v20170914.jar:/Users/hanglili/.m2/repository/org/eclipse/jetty/jetty-servlets/9.4.7.v20170914/jetty-servlets-9.4.7.v20170914.jar:/Users/hanglili/.m2/repository/org/eclipse/jetty/jetty-http/9.4.7.v20170914/jetty-http-9.4.7.v20170914.jar:/Users/hanglili/.m2/repository/io/dropwizard/dropwizard-lifecycle/1.2.2/dropwizard-lifecycle-1.2.2.jar:/Users/hanglili/.m2/repository/io/dropwizard/metrics/metrics-core/3.2.5/metrics-core-3.2.5.jar:/Users/hanglili/.m2/repository/io/dropwizard/metrics/metrics-jvm/3.2.5/metrics-jvm-3.2.5.jar:/Users/hanglili/.m2/repository/io/dropwizard/metrics/metrics-servlets/3.2.5/metrics-servlets-3.2.5.jar:/Users/hanglili/.m2/repository/io/dropwizard/metrics/metrics-json/3.2.5/metrics-json-3.2.5.jar:/Users/hanglili/.m2/repository/com/papertrail/profiler/1.0.2/profiler-1.0.2.jar:/Users/hanglili/.m2/repository/io/dropwizard/metrics/metrics-healthchecks/3.2.5/metrics-healthchecks-3.2.5.jar:/Users/hanglili/.m2/repository/io/dropwizard/dropwizard-request-logging/1.2.2/dropwizard-request-logging-1.2.2.jar:/Users/hanglili/.m2/repository/ch/qos/logback/logback-access/1.2.3/logback-access-1.2.3.jar:/Users/hanglili/.m2/repository/net/sourceforge/argparse4j/argparse4j/0.7.0/argparse4j-0.7.0.jar:/Users/hanglili/.m2/repository/org/eclipse/jetty/toolchain/setuid/jetty-setuid-java/1.0.3/jetty-setuid-java-1.0.3.jar:/Users/hanglili/.m2/repository/io/dropwizard/dropwizard-jdbi/1.0.6/dropwizard-jdbi-1.0.6.jar:/Users/hanglili/.m2/repository/io/dropwizard/dropwizard-db/1.2.2/dropwizard-db-1.2.2.jar:/Users/hanglili/.m2/repository/org/apache/tomcat/tomcat-jdbc/8.5.23/tomcat-jdbc-8.5.23.jar:/Users/hanglili/.m2/repository/org/apache/tomcat/tomcat-juli/8.5.23/tomcat-juli-8.5.23.jar:/Users/hanglili/.m2/repository/org/jdbi/jdbi/2.78/jdbi-2.78.jar:/Users/hanglili/.m2/repository/io/dropwizard/metrics/metrics-jdbi/3.2.5/metrics-jdbi-3.2.5.jar:/Users/hanglili/.m2/repository/io/dropwizard/dropwizard-client/1.0.6/dropwizard-client-1.0.6.jar:/Users/hanglili/.m2/repository/org/glassfish/jersey/core/jersey-client/2.25.1/jersey-client-2.25.1.jar:/Users/hanglili/.m2/repository/javax/ws/rs/javax.ws.rs-api/2.0.1/javax.ws.rs-api-2.0.1.jar:/Users/hanglili/.m2/repository/org/glassfish/jersey/core/jersey-common/2.25.1/jersey-common-2.25.1.jar:/Users/hanglili/.m2/repository/org/glassfish/jersey/bundles/repackaged/jersey-guava/2.25.1/jersey-guava-2.25.1.jar:/Users/hanglili/.m2/repository/org/glassfish/hk2/osgi-resource-locator/1.0.1/osgi-resource-locator-1.0.1.jar:/Users/hanglili/.m2/repository/org/glassfish/hk2/hk2-api/2.5.0-b32/hk2-api-2.5.0-b32.jar:/Users/hanglili/.m2/repository/org/glassfish/hk2/hk2-utils/2.5.0-b32/hk2-utils-2.5.0-b32.jar:/Users/hanglili/.m2/repository/org/glassfish/hk2/external/aopalliance-repackaged/2.5.0-b32/aopalliance-repackaged-2.5.0-b32.jar:/Users/hanglili/.m2/repository/org/glassfish/hk2/external/javax.inject/2.5.0-b32/javax.inject-2.5.0-b32.jar:/Users/hanglili/.m2/repository/org/glassfish/hk2/hk2-locator/2.5.0-b32/hk2-locator-2.5.0-b32.jar:/Users/hanglili/.m2/repository/org/javassist/javassist/3.21.0-GA/javassist-3.21.0-GA.jar:/Users/hanglili/.m2/repository/org/apache/httpcomponents/httpclient/4.5.3/httpclient-4.5.3.jar:/Users/hanglili/.m2/repository/org/apache/httpcomponents/httpcore/4.4.6/httpcore-4.4.6.jar:/Users/hanglili/.m2/repository/commons-codec/commons-codec/1.9/commons-codec-1.9.jar:/Users/hanglili/.m2/repository/io/dropwizard/metrics/metrics-httpclient/3.2.5/metrics-httpclient-3.2.5.jar:/Users/hanglili/.m2/repository/org/glassfish/jersey/connectors/jersey-apache-connector/2.25.1/jersey-apache-connector-2.25.1.jar:/Users/hanglili/.m2/repository/com/google/guava/guava/22.0/guava-22.0.jar:/Users/hanglili/.m2/repository/com/google/code/findbugs/jsr305/3.0.2/jsr305-3.0.2.jar:/Users/hanglili/.m2/repository/com/google/errorprone/error_prone_annotations/2.0.18/error_prone_annotations-2.0.18.jar:/Users/hanglili/.m2/repository/com/google/j2objc/j2objc-annotations/1.1/j2objc-annotations-1.1.jar:/Users/hanglili/.m2/repository/org/codehaus/mojo/animal-sniffer-annotations/1.14/animal-sniffer-annotations-1.14.jar:/Users/hanglili/.m2/repository/com/google/code/gson/gson/2.8.5/gson-2.8.5.jar:/Users/hanglili/.m2/repository/javax/xml/bind/jaxb-api/2.3.1/jaxb-api-2.3.1.jar:/Users/hanglili/.m2/repository/javax/activation/javax.activation-api/1.2.0/javax.activation-api-1.2.0.jar:/Users/hanglili/.m2/repository/junit/junit/4.12/junit-4.12.jar:/Users/hanglili/.m2/repository/org/hamcrest/hamcrest-core/1.3/hamcrest-core-1.3.jar:/Users/hanglili/.m2/repository/org/junit/jupiter/junit-jupiter-engine/5.3.1/junit-jupiter-engine-5.3.1.jar:/Users/hanglili/.m2/repository/org/apiguardian/apiguardian-api/1.0.0/apiguardian-api-1.0.0.jar:/Users/hanglili/.m2/repository/org/junit/platform/junit-platform-engine/1.3.1/junit-platform-engine-1.3.1.jar:/Users/hanglili/.m2/repository/org/junit/platform/junit-platform-commons/1.3.1/junit-platform-commons-1.3.1.jar:/Users/hanglili/.m2/repository/org/opentest4j/opentest4j/1.1.1/opentest4j-1.1.1.jar:/Users/hanglili/.m2/repository/org/junit/jupiter/junit-jupiter-api/5.3.1/junit-jupiter-api-5.3.1.jar:/Users/hanglili/.m2/repository/io/dropwizard/dropwizard-testing/1.0.6/dropwizard-testing-1.0.6.jar:/Users/hanglili/.m2/repository/org/mockito/mockito-core/2.10.0/mockito-core-2.10.0.jar:/Users/hanglili/.m2/repository/net/bytebuddy/byte-buddy/1.7.4/byte-buddy-1.7.4.jar:/Users/hanglili/.m2/repository/net/bytebuddy/byte-buddy-agent/1.7.4/byte-buddy-agent-1.7.4.jar:/Users/hanglili/.m2/repository/org/objenesis/objenesis/2.6/objenesis-2.6.jar:/Users/hanglili/.m2/repository/org/assertj/assertj-core/3.8.0/assertj-core-3.8.0.jar:/Users/hanglili/.m2/repository/org/glassfish/jersey/test-framework/providers/jersey-test-framework-provider-inmemory/2.25.1/jersey-test-framework-provider-inmemory-2.25.1.jar:/Users/hanglili/.m2/repository/org/glassfish/jersey/test-framework/jersey-test-framework-core/2.25.1/jersey-test-framework-core-2.25.1.jar:/Users/hanglili/.m2/repository/org/testng/testng/7.0.0/testng-7.0.0.jar:/Users/hanglili/.m2/repository/com/beust/jcommander/1.72/jcommander-1.72.jar:/Users/hanglili/.m2/repository/org/apache/maven/surefire/surefire-testng-utils/2.22.0/surefire-testng-utils-2.22.0.jar:/Users/hanglili/.m2/repository/org/apache/maven/surefire/surefire-grouper/2.22.0/surefire-grouper-2.22.0.jar:"/>
    <property name="java.vm.vendor" value="Oracle Corporation"/>
    <property name="sun.arch.data.model" value="64"/>
    <property name="java.vendor.url" value="http://java.oracle.com/"/>
    <property name="user.timezone" value=""/>
    <property name="java.vm.specification.version" value="1.8"/>
    <property name="os.name" value="Mac OS X"/>
    <property name="user.country" value="GB"/>
    <property name="sun.java.launcher" value="SUN_STANDARD"/>
    <property name="sun.boot.library.path" value="/Library/Java/JavaVirtualMachines/jdk1.8.0_111.jdk/Contents/Home/jre/lib"/>
    <property name="sun.java.command" value="/Users/hanglili/FullTimes/HomeTests/Bank-REST-API/target/surefire/surefirebooter4990655724061396929.jar /Users/hanglili/FullTimes/HomeTests/Bank-REST-API/target/surefire 2019-11-03T22-12-53_649-jvmRun1 surefire5618329657489864582tmp surefire_09161385940867173801tmp"/>
    <property name="http.nonProxyHosts" value="local|*.local|169.254/16|*.169.254/16"/>
    <property name="surefire.test.class.path" value="/Users/hanglili/FullTimes/HomeTests/Bank-REST-API/target/test-classes:/Users/hanglili/FullTimes/HomeTests/Bank-REST-API/target/classes:/Users/hanglili/.m2/repository/io/dropwizard/dropwizard-core/1.2.2/dropwizard-core-1.2.2.jar:/Users/hanglili/.m2/repository/io/dropwizard/dropwizard-util/1.2.2/dropwizard-util-1.2.2.jar:/Users/hanglili/.m2/repository/com/fasterxml/jackson/core/jackson-annotations/2.9.0/jackson-annotations-2.9.0.jar:/Users/hanglili/.m2/repository/joda-time/joda-time/2.9.9/joda-time-2.9.9.jar:/Users/hanglili/.m2/repository/io/dropwizard/dropwizard-jackson/1.2.2/dropwizard-jackson-1.2.2.jar:/Users/hanglili/.m2/repository/com/fasterxml/jackson/core/jackson-core/2.9.1/jackson-core-2.9.1.jar:/Users/hanglili/.m2/repository/com/fasterxml/jackson/core/jackson-databind/2.9.1/jackson-databind-2.9.1.jar:/Users/hanglili/.m2/repository/com/fasterxml/jackson/datatype/jackson-datatype-guava/2.9.1/jackson-datatype-guava-2.9.1.jar:/Users/hanglili/.m2/repository/com/fasterxml/jackson/datatype/jackson-datatype-jsr310/2.9.1/jackson-datatype-jsr310-2.9.1.jar:/Users/hanglili/.m2/repository/com/fasterxml/jackson/datatype/jackson-datatype-jdk8/2.9.1/jackson-datatype-jdk8-2.9.1.jar:/Users/hanglili/.m2/repository/com/fasterxml/jackson/module/jackson-module-parameter-names/2.9.1/jackson-module-parameter-names-2.9.1.jar:/Users/hanglili/.m2/repository/com/fasterxml/jackson/module/jackson-module-afterburner/2.9.1/jackson-module-afterburner-2.9.1.jar:/Users/hanglili/.m2/repository/com/fasterxml/jackson/datatype/jackson-datatype-joda/2.9.1/jackson-datatype-joda-2.9.1.jar:/Users/hanglili/.m2/repository/org/slf4j/slf4j-api/1.7.25/slf4j-api-1.7.25.jar:/Users/hanglili/.m2/repository/io/dropwizard/dropwizard-validation/1.2.2/dropwizard-validation-1.2.2.jar:/Users/hanglili/.m2/repository/org/hibernate/hibernate-validator/5.4.1.Final/hibernate-validator-5.4.1.Final.jar:/Users/hanglili/.m2/repository/javax/validation/validation-api/1.1.0.Final/validation-api-1.1.0.Final.jar:/Users/hanglili/.m2/repository/org/jboss/logging/jboss-logging/3.3.0.Final/jboss-logging-3.3.0.Final.jar:/Users/hanglili/.m2/repository/com/fasterxml/classmate/1.3.4/classmate-1.3.4.jar:/Users/hanglili/.m2/repository/org/glassfish/javax.el/3.0.0/javax.el-3.0.0.jar:/Users/hanglili/.m2/repository/io/dropwizard/dropwizard-configuration/1.2.2/dropwizard-configuration-1.2.2.jar:/Users/hanglili/.m2/repository/com/fasterxml/jackson/dataformat/jackson-dataformat-yaml/2.9.1/jackson-dataformat-yaml-2.9.1.jar:/Users/hanglili/.m2/repository/org/yaml/snakeyaml/1.18/snakeyaml-1.18.jar:/Users/hanglili/.m2/repository/org/apache/commons/commons-lang3/3.6/commons-lang3-3.6.jar:/Users/hanglili/.m2/repository/io/dropwizard/dropwizard-logging/1.2.2/dropwizard-logging-1.2.2.jar:/Users/hanglili/.m2/repository/io/dropwizard/metrics/metrics-logback/3.2.5/metrics-logback-3.2.5.jar:/Users/hanglili/.m2/repository/org/slf4j/jul-to-slf4j/1.7.25/jul-to-slf4j-1.7.25.jar:/Users/hanglili/.m2/repository/ch/qos/logback/logback-core/1.2.3/logback-core-1.2.3.jar:/Users/hanglili/.m2/repository/ch/qos/logback/logback-classic/1.2.3/logback-classic-1.2.3.jar:/Users/hanglili/.m2/repository/org/slf4j/log4j-over-slf4j/1.7.25/log4j-over-slf4j-1.7.25.jar:/Users/hanglili/.m2/repository/org/slf4j/jcl-over-slf4j/1.7.25/jcl-over-slf4j-1.7.25.jar:/Users/hanglili/.m2/repository/org/eclipse/jetty/jetty-util/9.4.7.v20170914/jetty-util-9.4.7.v20170914.jar:/Users/hanglili/.m2/repository/io/dropwizard/dropwizard-metrics/1.2.2/dropwizard-metrics-1.2.2.jar:/Users/hanglili/.m2/repository/io/dropwizard/dropwizard-jersey/1.2.2/dropwizard-jersey-1.2.2.jar:/Users/hanglili/.m2/repository/org/glassfish/jersey/core/jersey-server/2.25.1/jersey-server-2.25.1.jar:/Users/hanglili/.m2/repository/org/glassfish/jersey/media/jersey-media-jaxb/2.25.1/jersey-media-jaxb-2.25.1.jar:/Users/hanglili/.m2/repository/javax/annotation/javax.annotation-api/1.2/javax.annotation-api-1.2.jar:/Users/hanglili/.m2/repository/org/glassfish/jersey/ext/jersey-metainf-services/2.25.1/jersey-metainf-services-2.25.1.jar:/Users/hanglili/.m2/repository/org/glassfish/jersey/ext/jersey-bean-validation/2.25.1/jersey-bean-validation-2.25.1.jar:/Users/hanglili/.m2/repository/io/dropwizard/metrics/metrics-jersey2/3.2.5/metrics-jersey2-3.2.5.jar:/Users/hanglili/.m2/repository/com/fasterxml/jackson/jaxrs/jackson-jaxrs-json-provider/2.9.1/jackson-jaxrs-json-provider-2.9.1.jar:/Users/hanglili/.m2/repository/com/fasterxml/jackson/jaxrs/jackson-jaxrs-base/2.9.1/jackson-jaxrs-base-2.9.1.jar:/Users/hanglili/.m2/repository/com/fasterxml/jackson/module/jackson-module-jaxb-annotations/2.9.1/jackson-module-jaxb-annotations-2.9.1.jar:/Users/hanglili/.m2/repository/org/glassfish/jersey/containers/jersey-container-servlet/2.25.1/jersey-container-servlet-2.25.1.jar:/Users/hanglili/.m2/repository/org/glassfish/jersey/containers/jersey-container-servlet-core/2.25.1/jersey-container-servlet-core-2.25.1.jar:/Users/hanglili/.m2/repository/org/eclipse/jetty/jetty-server/9.4.7.v20170914/jetty-server-9.4.7.v20170914.jar:/Users/hanglili/.m2/repository/javax/servlet/javax.servlet-api/3.1.0/javax.servlet-api-3.1.0.jar:/Users/hanglili/.m2/repository/org/eclipse/jetty/jetty-io/9.4.7.v20170914/jetty-io-9.4.7.v20170914.jar:/Users/hanglili/.m2/repository/org/eclipse/jetty/jetty-webapp/9.4.7.v20170914/jetty-webapp-9.4.7.v20170914.jar:/Users/hanglili/.m2/repository/org/eclipse/jetty/jetty-xml/9.4.7.v20170914/jetty-xml-9.4.7.v20170914.jar:/Users/hanglili/.m2/repository/org/eclipse/jetty/jetty-continuation/9.4.7.v20170914/jetty-continuation-9.4.7.v20170914.jar:/Users/hanglili/.m2/repository/io/dropwizard/dropwizard-servlets/1.2.2/dropwizard-servlets-1.2.2.jar:/Users/hanglili/.m2/repository/io/dropwizard/metrics/metrics-annotation/3.2.5/metrics-annotation-3.2.5.jar:/Users/hanglili/.m2/repository/io/dropwizard/dropwizard-jetty/1.2.2/dropwizard-jetty-1.2.2.jar:/Users/hanglili/.m2/repository/io/dropwizard/metrics/metrics-jetty9/3.2.5/metrics-jetty9-3.2.5.jar:/Users/hanglili/.m2/repository/org/eclipse/jetty/jetty-servlet/9.4.7.v20170914/jetty-servlet-9.4.7.v20170914.jar:/Users/hanglili/.m2/repository/org/eclipse/jetty/jetty-security/9.4.7.v20170914/jetty-security-9.4.7.v20170914.jar:/Users/hanglili/.m2/repository/org/eclipse/jetty/jetty-servlets/9.4.7.v20170914/jetty-servlets-9.4.7.v20170914.jar:/Users/hanglili/.m2/repository/org/eclipse/jetty/jetty-http/9.4.7.v20170914/jetty-http-9.4.7.v20170914.jar:/Users/hanglili/.m2/repository/io/dropwizard/dropwizard-lifecycle/1.2.2/dropwizard-lifecycle-1.2.2.jar:/Users/hanglili/.m2/repository/io/dropwizard/metrics/metrics-core/3.2.5/metrics-core-3.2.5.jar:/Users/hanglili/.m2/repository/io/dropwizard/metrics/metrics-jvm/3.2.5/metrics-jvm-3.2.5.jar:/Users/hanglili/.m2/repository/io/dropwizard/metrics/metrics-servlets/3.2.5/metrics-servlets-3.2.5.jar:/Users/hanglili/.m2/repository/io/dropwizard/metrics/metrics-json/3.2.5/metrics-json-3.2.5.jar:/Users/hanglili/.m2/repository/com/papertrail/profiler/1.0.2/profiler-1.0.2.jar:/Users/hanglili/.m2/repository/io/dropwizard/metrics/metrics-healthchecks/3.2.5/metrics-healthchecks-3.2.5.jar:/Users/hanglili/.m2/repository/io/dropwizard/dropwizard-request-logging/1.2.2/dropwizard-request-logging-1.2.2.jar:/Users/hanglili/.m2/repository/ch/qos/logback/logback-access/1.2.3/logback-access-1.2.3.jar:/Users/hanglili/.m2/repository/net/sourceforge/argparse4j/argparse4j/0.7.0/argparse4j-0.7.0.jar:/Users/hanglili/.m2/repository/org/eclipse/jetty/toolchain/setuid/jetty-setuid-java/1.0.3/jetty-setuid-java-1.0.3.jar:/Users/hanglili/.m2/repository/io/dropwizard/dropwizard-jdbi/1.0.6/dropwizard-jdbi-1.0.6.jar:/Users/hanglili/.m2/repository/io/dropwizard/dropwizard-db/1.2.2/dropwizard-db-1.2.2.jar:/Users/hanglili/.m2/repository/org/apache/tomcat/tomcat-jdbc/8.5.23/tomcat-jdbc-8.5.23.jar:/Users/hanglili/.m2/repository/org/apache/tomcat/tomcat-juli/8.5.23/tomcat-juli-8.5.23.jar:/Users/hanglili/.m2/repository/org/jdbi/jdbi/2.78/jdbi-2.78.jar:/Users/hanglili/.m2/repository/io/dropwizard/metrics/metrics-jdbi/3.2.5/metrics-jdbi-3.2.5.jar:/Users/hanglili/.m2/repository/io/dropwizard/dropwizard-client/1.0.6/dropwizard-client-1.0.6.jar:/Users/hanglili/.m2/repository/org/glassfish/jersey/core/jersey-client/2.25.1/jersey-client-2.25.1.jar:/Users/hanglili/.m2/repository/javax/ws/rs/javax.ws.rs-api/2.0.1/javax.ws.rs-api-2.0.1.jar:/Users/hanglili/.m2/repository/org/glassfish/jersey/core/jersey-common/2.25.1/jersey-common-2.25.1.jar:/Users/hanglili/.m2/repository/org/glassfish/jersey/bundles/repackaged/jersey-guava/2.25.1/jersey-guava-2.25.1.jar:/Users/hanglili/.m2/repository/org/glassfish/hk2/osgi-resource-locator/1.0.1/osgi-resource-locator-1.0.1.jar:/Users/hanglili/.m2/repository/org/glassfish/hk2/hk2-api/2.5.0-b32/hk2-api-2.5.0-b32.jar:/Users/hanglili/.m2/repository/org/glassfish/hk2/hk2-utils/2.5.0-b32/hk2-utils-2.5.0-b32.jar:/Users/hanglili/.m2/repository/org/glassfish/hk2/external/aopalliance-repackaged/2.5.0-b32/aopalliance-repackaged-2.5.0-b32.jar:/Users/hanglili/.m2/repository/org/glassfish/hk2/external/javax.inject/2.5.0-b32/javax.inject-2.5.0-b32.jar:/Users/hanglili/.m2/repository/org/glassfish/hk2/hk2-locator/2.5.0-b32/hk2-locator-2.5.0-b32.jar:/Users/hanglili/.m2/repository/org/javassist/javassist/3.21.0-GA/javassist-3.21.0-GA.jar:/Users/hanglili/.m2/repository/org/apache/httpcomponents/httpclient/4.5.3/httpclient-4.5.3.jar:/Users/hanglili/.m2/repository/org/apache/httpcomponents/httpcore/4.4.6/httpcore-4.4.6.jar:/Users/hanglili/.m2/repository/commons-codec/commons-codec/1.9/commons-codec-1.9.jar:/Users/hanglili/.m2/repository/io/dropwizard/metrics/metrics-httpclient/3.2.5/metrics-httpclient-3.2.5.jar:/Users/hanglili/.m2/repository/org/glassfish/jersey/connectors/jersey-apache-connector/2.25.1/jersey-apache-connector-2.25.1.jar:/Users/hanglili/.m2/repository/com/google/guava/guava/22.0/guava-22.0.jar:/Users/hanglili/.m2/repository/com/google/code/findbugs/jsr305/3.0.2/jsr305-3.0.2.jar:/Users/hanglili/.m2/repository/com/google/errorprone/error_prone_annotations/2.0.18/error_prone_annotations-2.0.18.jar:/Users/hanglili/.m2/repository/com/google/j2objc/j2objc-annotations/1.1/j2objc-annotations-1.1.jar:/Users/hanglili/.m2/repository/org/codehaus/mojo/animal-sniffer-annotations/1.14/animal-sniffer-annotations-1.14.jar:/Users/hanglili/.m2/repository/com/google/code/gson/gson/2.8.5/gson-2.8.5.jar:/Users/hanglili/.m2/repository/javax/xml/bind/jaxb-api/2.3.1/jaxb-api-2.3.1.jar:/Users/hanglili/.m2/repository/javax/activation/javax.activation-api/1.2.0/javax.activation-api-1.2.0.jar:/Users/hanglili/.m2/repository/junit/junit/4.12/junit-4.12.jar:/Users/hanglili/.m2/repository/org/hamcrest/hamcrest-core/1.3/hamcrest-core-1.3.jar:/Users/hanglili/.m2/repository/org/junit/jupiter/junit-jupiter-engine/5.3.1/junit-jupiter-engine-5.3.1.jar:/Users/hanglili/.m2/repository/org/apiguardian/apiguardian-api/1.0.0/apiguardian-api-1.0.0.jar:/Users/hanglili/.m2/repository/org/junit/platform/junit-platform-engine/1.3.1/junit-platform-engine-1.3.1.jar:/Users/hanglili/.m2/repository/org/junit/platform/junit-platform-commons/1.3.1/junit-platform-commons-1.3.1.jar:/Users/hanglili/.m2/repository/org/opentest4j/opentest4j/1.1.1/opentest4j-1.1.1.jar:/Users/hanglili/.m2/repository/org/junit/jupiter/junit-jupiter-api/5.3.1/junit-jupiter-api-5.3.1.jar:/Users/hanglili/.m2/repository/io/dropwizard/dropwizard-testing/1.0.6/dropwizard-testing-1.0.6.jar:/Users/hanglili/.m2/repository/org/mockito/mockito-core/2.10.0/mockito-core-2.10.0.jar:/Users/hanglili/.m2/repository/net/bytebuddy/byte-buddy/1.7.4/byte-buddy-1.7.4.jar:/Users/hanglili/.m2/repository/net/bytebuddy/byte-buddy-agent/1.7.4/byte-buddy-agent-1.7.4.jar:/Users/hanglili/.m2/repository/org/objenesis/objenesis/2.6/objenesis-2.6.jar:/Users/hanglili/.m2/repository/org/assertj/assertj-core/3.8.0/assertj-core-3.8.0.jar:/Users/hanglili/.m2/repository/org/glassfish/jersey/test-framework/providers/jersey-test-framework-provider-inmemory/2.25.1/jersey-test-framework-provider-inmemory-2.25.1.jar:/Users/hanglili/.m2/repository/org/glassfish/jersey/test-framework/jersey-test-framework-core/2.25.1/jersey-test-framework-core-2.25.1.jar:/Users/hanglili/.m2/repository/org/testng/testng/7.0.0/testng-7.0.0.jar:/Users/hanglili/.m2/repository/com/beust/jcommander/1.72/jcommander-1.72.jar:/Users/hanglili/.m2/repository/org/apache/maven/surefire/surefire-testng-utils/2.22.0/surefire-testng-utils-2.22.0.jar:/Users/hanglili/.m2/repository/org/apache/maven/surefire/surefire-grouper/2.22.0/surefire-grouper-2.22.0.jar:"/>
    <property name="sun.cpu.endian" value="little"/>
    <property name="user.home" value="/Users/hanglili"/>
    <property name="user.language" value="en"/>
    <property name="java.specification.vendor" value="Oracle Corporation"/>
    <property name="java.home" value="/Library/Java/JavaVirtualMachines/jdk1.8.0_111.jdk/Contents/Home/jre"/>
    <property name="basedir" value="/Users/hanglili/FullTimes/HomeTests/Bank-REST-API"/>
    <property name="file.separator" value="/"/>
    <property name="line.separator" value="&#10;"/>
    <property name="java.vm.specification.vendor" value="Oracle Corporation"/>
    <property name="java.specification.name" value="Java Platform API Specification"/>
    <property name="java.awt.graphicsenv" value="sun.awt.CGraphicsEnvironment"/>
    <property name="surefire.real.class.path" value="/Users/hanglili/FullTimes/HomeTests/Bank-REST-API/target/surefire/surefirebooter4990655724061396929.jar"/>
    <property name="sun.boot.class.path" value="/Library/Java/JavaVirtualMachines/jdk1.8.0_111.jdk/Contents/Home/jre/lib/resources.jar:/Library/Java/JavaVirtualMachines/jdk1.8.0_111.jdk/Contents/Home/jre/lib/rt.jar:/Library/Java/JavaVirtualMachines/jdk1.8.0_111.jdk/Contents/Home/jre/lib/sunrsasign.jar:/Library/Java/JavaVirtualMachines/jdk1.8.0_111.jdk/Contents/Home/jre/lib/jsse.jar:/Library/Java/JavaVirtualMachines/jdk1.8.0_111.jdk/Contents/Home/jre/lib/jce.jar:/Library/Java/JavaVirtualMachines/jdk1.8.0_111.jdk/Contents/Home/jre/lib/charsets.jar:/Library/Java/JavaVirtualMachines/jdk1.8.0_111.jdk/Contents/Home/jre/lib/jfr.jar:/Library/Java/JavaVirtualMachines/jdk1.8.0_111.jdk/Contents/Home/jre/classes"/>
    <property name="sun.management.compiler" value="HotSpot 64-Bit Tiered Compilers"/>
    <property name="ftp.nonProxyHosts" value="local|*.local|169.254/16|*.169.254/16"/>
    <property name="java.runtime.version" value="1.8.0_111-b14"/>
    <property name="user.name" value="hanglili"/>
    <property name="path.separator" value=":"/>
    <property name="os.version" value="10.14"/>
    <property name="java.endorsed.dirs" value="/Library/Java/JavaVirtualMachines/jdk1.8.0_111.jdk/Contents/Home/jre/lib/endorsed"/>
    <property name="java.runtime.name" value="Java(TM) SE Runtime Environment"/>
    <property name="file.encoding" value="UTF-8"/>
    <property name="java.vm.name" value="Java HotSpot(TM) 64-Bit Server VM"/>
    <property name="localRepository" value="/Users/hanglili/.m2/repository"/>
    <property name="java.vendor.url.bug" value="http://bugreport.sun.com/bugreport/"/>
    <property name="java.io.tmpdir" value="/var/folders/m2/1j933yh537q4g8sjlwgtgvt00000gn/T/"/>
    <property name="java.version" value="1.8.0_111"/>
    <property name="user.dir" value="/Users/hanglili/FullTimes/HomeTests/Bank-REST-API"/>
    <property name="os.arch" value="x86_64"/>
    <property name="java.vm.specification.name" value="Java Virtual Machine Specification"/>
    <property name="java.awt.printerjob" value="sun.lwawt.macosx.CPrinterJob"/>
    <property name="sun.os.patch.level" value="unknown"/>
    <property name="java.library.path" value="/Users/hanglili/Library/Java/Extensions:/Library/Java/Extensions:/Network/Library/Java/Extensions:/System/Library/Java/Extensions:/usr/lib/java:."/>
    <property name="java.vm.info" value="mixed mode"/>
    <property name="java.vendor" value="Oracle Corporation"/>
    <property name="java.vm.version" value="25.111-b14"/>
    <property name="java.ext.dirs" value="/Users/hanglili/Library/Java/Extensions:/Library/Java/JavaVirtualMachines/jdk1.8.0_111.jdk/Contents/Home/jre/lib/ext:/Library/Java/Extensions:/Network/Library/Java/Extensions:/System/Library/Java/Extensions:/usr/lib/java"/>
    <property name="sun.io.unicode.encoding" value="UnicodeBig"/>
    <property name="java.class.version" value="52.0"/>
    <property name="socksNonProxyHosts" value="local|*.local|169.254/16|*.169.254/16"/>
  </properties>
  <testcase name="appStartsUp on appStartsUp(ServiceApplicationTest)" classname="ServiceApplicationTest" time="0.996"/>
  <testcase name="testCreateAccount on testCreateAccount(AccountAPITest)" classname="AccountAPITest" time="0.082"/>
  <testcase name="testGetAccount on testGetAccount(AccountAPITest)" classname="AccountAPITest" time="0.06"/>
  <testcase name="testCreateAccount_InvalidID on testCreateAccount_InvalidID(AccountAPITest)" classname="AccountAPITest" time="0.012"/>
  <testcase name="testCreateAccount_InvalidID_2 on testCreateAccount_InvalidID_2(AccountAPITest)" classname="AccountAPITest" time="0.01"/>
  <testcase name="testCreateAccount_NegativeInitialAmount on testCreateAccount_NegativeInitialAmount(AccountAPITest)" classname="AccountAPITest" time="0.02"/>
  <testcase name="testGetAccount_NoSuchAccount on testGetAccount_NoSuchAccount(AccountAPITest)" classname="AccountAPITest" time="0.034"/>
  <testcase name="testCreateAccount_DuplicateAccountId on testCreateAccount_DuplicateAccountId(AccountAPITest)" classname="AccountAPITest" time="0.037"/>
  <testcase name="testDeposit_NoSuchAccountException on testDeposit_NoSuchAccountException(AccountDAOTest)" classname="AccountDAOTest" time="0.019"/>
  <testcase name="testWithdraw on testWithdraw(AccountDAOTest)" classname="AccountDAOTest" time="0.002"/>
  <testcase name="testGetCurrentBalance on testGetCurrentBalance(AccountDAOTest)" classname="AccountDAOTest" time="0.006"/>
  <testcase name="testWithdraw_NoSuchAccountException on testWithdraw_NoSuchAccountException(AccountDAOTest)" classname="AccountDAOTest" time="0.001"/>
  <testcase name="testCreateAccount_DuplicateAccountIdException on testCreateAccount_DuplicateAccountIdException(AccountDAOTest)" classname="AccountDAOTest" time="0.01"/>
  <testcase name="testCreateAndGetAccount on testCreateAndGetAccount(AccountDAOTest)" classname="AccountDAOTest" time="0.001"/>
  <testcase name="testDeposit on testDeposit(AccountDAOTest)" classname="AccountDAOTest" time="0"/>
  <testcase name="testWithdraw_InsufficientBalanceException on testWithdraw_InsufficientBalanceException(AccountDAOTest)" classname="AccountDAOTest" time="0"/>
  <testcase name="testGetAccount_NoSuchAccountException on testGetAccount_NoSuchAccountException(AccountDAOTest)" classname="AccountDAOTest" time="0"/>
  <testcase name="testGetCurrentBalance_NoSuchAccountException on testGetCurrentBalance_NoSuchAccountException(AccountDAOTest)" classname="AccountDAOTest" time="0.007"/>
  <testcase name="testGetTransaction_NoSuchTransactionException on testGetTransaction_NoSuchTransactionException(TransactionDAOTest)" classname="TransactionDAOTest" time="0.003"/>
  <testcase name="testProcessTransaction on testProcessTransaction(TransactionDAOTest)" classname="TransactionDAOTest" time="0.01"/>
  <testcase name="testGetTransactionsForOneAccount on testGetTransactionsForOneAccount(TransactionDAOTest)" classname="TransactionDAOTest" time="0.001"/>
  <testcase name="testGetTransaction on testGetTransaction(TransactionDAOTest)" classname="TransactionDAOTest" time="0.001"/>
  <testcase name="testProcessTransaction_InsufficientBalanceException on testProcessTransaction_InsufficientBalanceException(TransactionDAOTest)" classname="TransactionDAOTest" time="0.002"/>
  <testcase name="testProcessTransaction_NoSuchAccountException_1 on testProcessTransaction_NoSuchAccountException_1(TransactionDAOTest)" classname="TransactionDAOTest" time="0"/>
  <testcase name="testProcessTransaction_NoSuchAccountException_2 on testProcessTransaction_NoSuchAccountException_2(TransactionDAOTest)" classname="TransactionDAOTest" time="0.002"/>
  <testcase name="testGetTransactionsForOneAccount_NoSuchAccountException on testGetTransactionsForOneAccount_NoSuchAccountException(TransactionDAOTest)" classname="TransactionDAOTest" time="0.003"/>
  <testcase name="testTransaction_InsufficientBalance on testTransaction_InsufficientBalance(TransactionAPITest)" classname="TransactionAPITest" time="0.022"/>
  <testcase name="testTransaction_NoSuchAccount on testTransaction_NoSuchAccount(TransactionAPITest)" classname="TransactionAPITest" time="0.02"/>
  <testcase name="testGetTransaction_NoSuchTransaction on testGetTransaction_NoSuchTransaction(TransactionAPITest)" classname="TransactionAPITest" time="0.011"/>
  <testcase name="testTransaction_InvalidID on testTransaction_InvalidID(TransactionAPITest)" classname="TransactionAPITest" time="0.021"/>
  <testcase name="testTransaction_InvalidTransferAmount on testTransaction_InvalidTransferAmount(TransactionAPITest)" classname="TransactionAPITest" time="0.026"/>
  <testcase name="testGetTransaction on testGetTransaction(TransactionAPITest)" classname="TransactionAPITest" time="0.083"/>
  <testcase name="testGetTransactionForOneAccount on testGetTransactionForOneAccount(TransactionAPITest)" classname="TransactionAPITest" time="0.039"/>
  <testcase name="testTransaction on testTransaction(TransactionAPITest)" classname="TransactionAPITest" time="0.015"/>
</testsuite>