<?xml version="1.0" encoding="UTF-8"?>
<!-- Generated by org.testng.reporters.JUnitReportReporter -->
<testsuite skipped="0" hostname="Hangs-MBP.home" name="TransactionDAOTest" tests="8" failures="0" timestamp="2019-11-03T23:13:24 GMT" time="0.066" errors="0">
  <testcase name="testProcessTransaction" time="0.003" classname="TransactionDAOTest"/>
  <testcase name="testProcessTransaction_InsufficientBalanceException" time="0.011" classname="TransactionDAOTest"/>
  <testcase name="testProcessTransaction_NoSuchAccountException_2" time="0.013" classname="TransactionDAOTest"/>
  <testcase name="testGetTransaction" time="0.007" classname="TransactionDAOTest"/>
  <testcase name="testGetTransactionsForOneAccount_NoSuchAccountException" time="0.013" classname="TransactionDAOTest"/>
  <testcase name="testProcessTransaction_NoSuchAccountException_1" time="0.012" classname="TransactionDAOTest"/>
  <testcase name="testGetTransactionsForOneAccount" time="0.005" classname="TransactionDAOTest"/>
  <testcase name="testGetTransaction_NoSuchTransactionException" time="0.002" classname="TransactionDAOTest"/>
</testsuite> <!-- TransactionDAOTest -->
