<?xml version="1.0" encoding="UTF-8"?>
<!-- Generated by org.testng.reporters.JUnitReportReporter -->
<testsuite skipped="0" hostname="Hangs-MBP.home" name="AccountDAOTest" tests="10" failures="0" timestamp="2019-11-03T23:13:24 GMT" time="0.155" errors="0">
  <testcase name="testWithdraw_InsufficientBalanceException" time="0.018" classname="AccountDAOTest"/>
  <testcase name="testCreateAccount_DuplicateAccountIdException" time="0.017" classname="AccountDAOTest"/>
  <testcase name="testDeposit" time="0.017" classname="AccountDAOTest"/>
  <testcase name="testGetAccount_NoSuchAccountException" time="0.019" classname="AccountDAOTest"/>
  <testcase name="testGetCurrentBalance_NoSuchAccountException" time="0.020" classname="AccountDAOTest"/>
  <testcase name="testDeposit_NoSuchAccountException" time="0.010" classname="AccountDAOTest"/>
  <testcase name="testCreateAndGetAccount" time="0.016" classname="AccountDAOTest"/>
  <testcase name="testWithdraw_NoSuchAccountException" time="0.014" classname="AccountDAOTest"/>
  <testcase name="testWithdraw" time="0.012" classname="AccountDAOTest"/>
  <testcase name="testGetCurrentBalance" time="0.012" classname="AccountDAOTest"/>
</testsuite> <!-- AccountDAOTest -->
