<?xml version="1.0" encoding="UTF-8"?>
<!-- Generated by org.testng.reporters.JUnitReportReporter -->
<testsuite skipped="0" hostname="Hangs-MBP.home" name="TransactionAPITest" tests="8" failures="0" timestamp="2019-11-03T22:13:02 GMT" time="8.186" errors="0">
  <testcase name="testGetTransaction" time="1.091" classname="TransactionAPITest"/>
  <testcase name="testGetTransaction_NoSuchTransaction" time="0.959" classname="TransactionAPITest"/>
  <testcase name="testTransaction_InsufficientBalance" time="0.926" classname="TransactionAPITest"/>
  <testcase name="testTransaction_NoSuchAccount" time="0.946" classname="TransactionAPITest"/>
  <testcase name="testTransaction_InvalidID" time="0.981" classname="TransactionAPITest"/>
  <testcase name="testTransaction" time="1.146" classname="TransactionAPITest"/>
  <testcase name="testTransaction_InvalidTransferAmount" time="1.007" classname="TransactionAPITest"/>
  <testcase name="testGetTransactionForOneAccount" time="1.130" classname="TransactionAPITest"/>
</testsuite> <!-- TransactionAPITest -->
