<?xml version="1.0" encoding="UTF-8"?>
<!-- Generated by org.testng.reporters.JUnitReportReporter -->
<testsuite skipped="0" hostname="Hangs-MBP.home" name="ServiceApplicationTest" tests="1" failures="0" timestamp="2019-11-03T22:13:02 GMT" time="5.134" errors="0">
  <testcase name="appStartsUp" time="5.134" classname="ServiceApplicationTest"/>
</testsuite> <!-- ServiceApplicationTest -->
