<?xml version="1.0" encoding="UTF-8"?>
<!-- Generated by org.testng.reporters.JUnitReportReporter -->
<testsuite skipped="0" hostname="Hangs-MBP.home" name="TransactionDAOTest" tests="8" failures="0" timestamp="2019-11-03T22:13:02 GMT" time="0.151" errors="0">
  <testcase name="testProcessTransaction" time="0.013" classname="TransactionDAOTest"/>
  <testcase name="testProcessTransaction_InsufficientBalanceException" time="0.022" classname="TransactionDAOTest"/>
  <testcase name="testProcessTransaction_NoSuchAccountException_2" time="0.026" classname="TransactionDAOTest"/>
  <testcase name="testGetTransaction" time="0.018" classname="TransactionDAOTest"/>
  <testcase name="testGetTransactionsForOneAccount_NoSuchAccountException" time="0.028" classname="TransactionDAOTest"/>
  <testcase name="testProcessTransaction_NoSuchAccountException_1" time="0.023" classname="TransactionDAOTest"/>
  <testcase name="testGetTransactionsForOneAccount" time="0.017" classname="TransactionDAOTest"/>
  <testcase name="testGetTransaction_NoSuchTransactionException" time="0.004" classname="TransactionDAOTest"/>
</testsuite> <!-- TransactionDAOTest -->
