<?xml version="1.0" encoding="UTF-8"?>
<!-- Generated by org.testng.reporters.JUnitReportReporter -->
<testsuite skipped="0" hostname="Hangs-MBP.home" name="TransactionAPITest" tests="8" failures="0" timestamp="2019-11-03T23:13:24 GMT" time="3.407" errors="0">
  <testcase name="testGetTransaction" time="0.457" classname="TransactionAPITest"/>
  <testcase name="testGetTransaction_NoSuchTransaction" time="0.399" classname="TransactionAPITest"/>
  <testcase name="testTransaction_InsufficientBalance" time="0.352" classname="TransactionAPITest"/>
  <testcase name="testTransaction_NoSuchAccount" time="0.388" classname="TransactionAPITest"/>
  <testcase name="testTransaction_InvalidID" time="0.407" classname="TransactionAPITest"/>
  <testcase name="testTransaction" time="0.495" classname="TransactionAPITest"/>
  <testcase name="testTransaction_InvalidTransferAmount" time="0.422" classname="TransactionAPITest"/>
  <testcase name="testGetTransactionForOneAccount" time="0.487" classname="TransactionAPITest"/>
</testsuite> <!-- TransactionAPITest -->
