<?xml version="1.0" encoding="UTF-8"?>
<!-- Generated by org.testng.reporters.JUnitReportReporter -->
<testsuite skipped="0" hostname="Hangs-MBP.home" name="AccountAPITest" tests="7" failures="0" timestamp="2019-11-03T23:13:24 GMT" time="3.553" errors="0">
  <testcase name="testGetAccount_NoSuchAccount" time="0.533" classname="AccountAPITest"/>
  <testcase name="testCreateAccount_InvalidID" time="0.497" classname="AccountAPITest"/>
  <testcase name="testCreateAccount_NegativeInitialAmount" time="0.524" classname="AccountAPITest"/>
  <testcase name="testGetAccount" time="0.488" classname="AccountAPITest"/>
  <testcase name="testCreateAccount_InvalidID_2" time="0.511" classname="AccountAPITest"/>
  <testcase name="testCreateAccount_DuplicateAccountId" time="0.558" classname="AccountAPITest"/>
  <testcase name="testCreateAccount" time="0.442" classname="AccountAPITest"/>
</testsuite> <!-- AccountAPITest -->
