<?xml version="1.0" encoding="UTF-8"?>
<!-- Generated by org.testng.reporters.JUnitReportReporter -->
<testsuite skipped="0" hostname="Hangs-MBP.home" name="AccountDAOTest" tests="10" failures="0" timestamp="2019-11-03T22:13:02 GMT" time="0.357" errors="0">
  <testcase name="testWithdraw_InsufficientBalanceException" time="0.042" classname="AccountDAOTest"/>
  <testcase name="testCreateAccount_DuplicateAccountIdException" time="0.040" classname="AccountDAOTest"/>
  <testcase name="testDeposit" time="0.041" classname="AccountDAOTest"/>
  <testcase name="testGetAccount_NoSuchAccountException" time="0.047" classname="AccountDAOTest"/>
  <testcase name="testGetCurrentBalance_NoSuchAccountException" time="0.054" classname="AccountDAOTest"/>
  <testcase name="testDeposit_NoSuchAccountException" time="0.020" classname="AccountDAOTest"/>
  <testcase name="testCreateAndGetAccount" time="0.041" classname="AccountDAOTest"/>
  <testcase name="testWithdraw_NoSuchAccountException" time="0.029" classname="AccountDAOTest"/>
  <testcase name="testWithdraw" time="0.021" classname="AccountDAOTest"/>
  <testcase name="testGetCurrentBalance" time="0.022" classname="AccountDAOTest"/>
</testsuite> <!-- AccountDAOTest -->
