<?xml version="1.0" encoding="UTF-8"?>
<!-- Generated by org.testng.reporters.JUnitReportReporter -->
<testsuite skipped="0" hostname="Hangs-MBP.home" name="AccountAPITest" tests="7" failures="0" timestamp="2019-11-03T22:13:02 GMT" time="6.190" errors="0">
  <testcase name="testGetAccount_NoSuchAccount" time="0.933" classname="AccountAPITest"/>
  <testcase name="testCreateAccount_InvalidID" time="0.866" classname="AccountAPITest"/>
  <testcase name="testCreateAccount_NegativeInitialAmount" time="0.896" classname="AccountAPITest"/>
  <testcase name="testGetAccount" time="0.854" classname="AccountAPITest"/>
  <testcase name="testCreateAccount_InvalidID_2" time="0.876" classname="AccountAPITest"/>
  <testcase name="testCreateAccount_DuplicateAccountId" time="0.972" classname="AccountAPITest"/>
  <testcase name="testCreateAccount" time="0.793" classname="AccountAPITest"/>
</testsuite> <!-- AccountAPITest -->
