<?xml version="1.0" encoding="UTF-8"?>
<!-- Generated by org.testng.reporters.JUnitReportReporter -->
<testsuite skipped="0" hostname="Hangs-MBP.home" name="ServiceApplicationTest" tests="1" failures="0" timestamp="2019-11-03T23:13:24 GMT" time="3.424" errors="0">
  <testcase name="appStartsUp" time="3.424" classname="ServiceApplicationTest"/>
</testsuite> <!-- ServiceApplicationTest -->
